Analysis & Synthesis report for hw02_simakma5
Thu Dec 08 13:24:15 2022
Quartus Prime Version 17.1.0 Build 590 10/25/2017 SJ Lite Edition


---------------------
; Table of Contents ;
---------------------
  1. Legal Notice
  2. Analysis & Synthesis Summary
  3. Analysis & Synthesis Settings
  4. Parallel Compilation
  5. Analysis & Synthesis Source Files Read
  6. Analysis & Synthesis Resource Usage Summary
  7. Analysis & Synthesis Resource Utilization by Entity
  8. State Machine - |hw02_simakma5|control_unit:inst8|digit_switch:inst4|state
  9. General Register Statistics
 10. Post-Synthesis Netlist Statistics for Top Partition
 11. Elapsed Time Per Partition
 12. Analysis & Synthesis Messages



----------------
; Legal Notice ;
----------------
Copyright (C) 2017  Intel Corporation. All rights reserved.
Your use of Intel Corporation's design tools, logic functions 
and other software and tools, and its AMPP partner logic 
functions, and any output files from any of the foregoing 
(including device programming or simulation files), and any 
associated documentation or information are expressly subject 
to the terms and conditions of the Intel Program License 
Subscription Agreement, the Intel Quartus Prime License Agreement,
the Intel FPGA IP License Agreement, or other applicable license
agreement, including, without limitation, that your use is for
the sole purpose of programming logic devices manufactured by
Intel and sold by Intel or its authorized distributors.  Please
refer to the applicable agreement for further details.



+----------------------------------------------------------------------------------+
; Analysis & Synthesis Summary                                                     ;
+------------------------------------+---------------------------------------------+
; Analysis & Synthesis Status        ; Successful - Thu Dec 08 13:24:15 2022       ;
; Quartus Prime Version              ; 17.1.0 Build 590 10/25/2017 SJ Lite Edition ;
; Revision Name                      ; hw02_simakma5                               ;
; Top-level Entity Name              ; hw02_simakma5                               ;
; Family                             ; MAX 10                                      ;
; Total logic elements               ; 139                                         ;
;     Total combinational functions  ; 119                                         ;
;     Dedicated logic registers      ; 87                                          ;
; Total registers                    ; 87                                          ;
; Total pins                         ; 21                                          ;
; Total virtual pins                 ; 0                                           ;
; Total memory bits                  ; 0                                           ;
; Embedded Multiplier 9-bit elements ; 0                                           ;
; Total PLLs                         ; 0                                           ;
; UFM blocks                         ; 0                                           ;
; ADC blocks                         ; 0                                           ;
+------------------------------------+---------------------------------------------+


+----------------------------------------------------------------------------------------------------------------------+
; Analysis & Synthesis Settings                                                                                        ;
+----------------------------------------------------------------------------+--------------------+--------------------+
; Option                                                                     ; Setting            ; Default Value      ;
+----------------------------------------------------------------------------+--------------------+--------------------+
; Device                                                                     ; 10M50DAF484C7G     ;                    ;
; Top-level entity name                                                      ; hw02_simakma5      ; hw02_simakma5      ;
; Family name                                                                ; MAX 10             ; Cyclone V          ;
; Use smart compilation                                                      ; Off                ; Off                ;
; Enable parallel Assembler and TimeQuest Timing Analyzer during compilation ; On                 ; On                 ;
; Enable compact report table                                                ; Off                ; Off                ;
; Restructure Multiplexers                                                   ; Auto               ; Auto               ;
; Create Debugging Nodes for IP Cores                                        ; Off                ; Off                ;
; Preserve fewer node names                                                  ; On                 ; On                 ;
; Intel FPGA IP Evaluation Mode                                              ; Enable             ; Enable             ;
; Verilog Version                                                            ; Verilog_2001       ; Verilog_2001       ;
; VHDL Version                                                               ; VHDL_1993          ; VHDL_1993          ;
; State Machine Processing                                                   ; Auto               ; Auto               ;
; Safe State Machine                                                         ; Off                ; Off                ;
; Extract Verilog State Machines                                             ; On                 ; On                 ;
; Extract VHDL State Machines                                                ; On                 ; On                 ;
; Ignore Verilog initial constructs                                          ; Off                ; Off                ;
; Iteration limit for constant Verilog loops                                 ; 5000               ; 5000               ;
; Iteration limit for non-constant Verilog loops                             ; 250                ; 250                ;
; Add Pass-Through Logic to Inferred RAMs                                    ; On                 ; On                 ;
; Infer RAMs from Raw Logic                                                  ; On                 ; On                 ;
; Parallel Synthesis                                                         ; On                 ; On                 ;
; DSP Block Balancing                                                        ; Auto               ; Auto               ;
; NOT Gate Push-Back                                                         ; On                 ; On                 ;
; Power-Up Don't Care                                                        ; On                 ; On                 ;
; Remove Redundant Logic Cells                                               ; Off                ; Off                ;
; Remove Duplicate Registers                                                 ; On                 ; On                 ;
; Ignore CARRY Buffers                                                       ; Off                ; Off                ;
; Ignore CASCADE Buffers                                                     ; Off                ; Off                ;
; Ignore GLOBAL Buffers                                                      ; Off                ; Off                ;
; Ignore ROW GLOBAL Buffers                                                  ; Off                ; Off                ;
; Ignore LCELL Buffers                                                       ; Off                ; Off                ;
; Ignore SOFT Buffers                                                        ; On                 ; On                 ;
; Limit AHDL Integers to 32 Bits                                             ; Off                ; Off                ;
; Optimization Technique                                                     ; Balanced           ; Balanced           ;
; Carry Chain Length                                                         ; 70                 ; 70                 ;
; Auto Carry Chains                                                          ; On                 ; On                 ;
; Auto Open-Drain Pins                                                       ; On                 ; On                 ;
; Perform WYSIWYG Primitive Resynthesis                                      ; Off                ; Off                ;
; Auto ROM Replacement                                                       ; On                 ; On                 ;
; Auto RAM Replacement                                                       ; On                 ; On                 ;
; Auto DSP Block Replacement                                                 ; On                 ; On                 ;
; Auto Shift Register Replacement                                            ; Auto               ; Auto               ;
; Allow Shift Register Merging across Hierarchies                            ; Auto               ; Auto               ;
; Auto Clock Enable Replacement                                              ; On                 ; On                 ;
; Strict RAM Replacement                                                     ; Off                ; Off                ;
; Allow Synchronous Control Signals                                          ; On                 ; On                 ;
; Force Use of Synchronous Clear Signals                                     ; Off                ; Off                ;
; Auto RAM Block Balancing                                                   ; On                 ; On                 ;
; Auto RAM to Logic Cell Conversion                                          ; Off                ; Off                ;
; Auto Resource Sharing                                                      ; Off                ; Off                ;
; Allow Any RAM Size For Recognition                                         ; Off                ; Off                ;
; Allow Any ROM Size For Recognition                                         ; Off                ; Off                ;
; Allow Any Shift Register Size For Recognition                              ; Off                ; Off                ;
; Use LogicLock Constraints during Resource Balancing                        ; On                 ; On                 ;
; Ignore translate_off and synthesis_off directives                          ; Off                ; Off                ;
; Timing-Driven Synthesis                                                    ; On                 ; On                 ;
; Report Parameter Settings                                                  ; On                 ; On                 ;
; Report Source Assignments                                                  ; On                 ; On                 ;
; Report Connectivity Checks                                                 ; On                 ; On                 ;
; Ignore Maximum Fan-Out Assignments                                         ; Off                ; Off                ;
; Synchronization Register Chain Length                                      ; 2                  ; 2                  ;
; Power Optimization During Synthesis                                        ; Normal compilation ; Normal compilation ;
; HDL message level                                                          ; Level2             ; Level2             ;
; Suppress Register Optimization Related Messages                            ; Off                ; Off                ;
; Number of Removed Registers Reported in Synthesis Report                   ; 5000               ; 5000               ;
; Number of Swept Nodes Reported in Synthesis Report                         ; 5000               ; 5000               ;
; Number of Inverted Registers Reported in Synthesis Report                  ; 100                ; 100                ;
; Clock MUX Protection                                                       ; On                 ; On                 ;
; Auto Gated Clock Conversion                                                ; Off                ; Off                ;
; Block Design Naming                                                        ; Auto               ; Auto               ;
; SDC constraint protection                                                  ; Off                ; Off                ;
; Synthesis Effort                                                           ; Auto               ; Auto               ;
; Shift Register Replacement - Allow Asynchronous Clear Signal               ; On                 ; On                 ;
; Pre-Mapping Resynthesis Optimization                                       ; Off                ; Off                ;
; Analysis & Synthesis Message Level                                         ; Medium             ; Medium             ;
; Disable Register Merging Across Hierarchies                                ; Auto               ; Auto               ;
; Resource Aware Inference For Block RAM                                     ; On                 ; On                 ;
+----------------------------------------------------------------------------+--------------------+--------------------+


+------------------------------------------+
; Parallel Compilation                     ;
+----------------------------+-------------+
; Processors                 ; Number      ;
+----------------------------+-------------+
; Number detected on machine ; 16          ;
; Maximum allowed            ; 8           ;
;                            ;             ;
; Average used               ; 1.00        ;
; Maximum used               ; 8           ;
;                            ;             ;
; Usage by Processor         ; % Time Used ;
;     Processor 1            ; 100.0%      ;
;     Processor 2            ;   0.1%      ;
;     Processors 3-8         ;   0.0%      ;
+----------------------------+-------------+


+------------------------------------------------------------------------------------------------------------------------------------------------------------------------+
; Analysis & Synthesis Source Files Read                                                                                                                                 ;
+----------------------------------+-----------------+------------------------------------+--------------------------------------------------------------------+---------+
; File Name with User-Entered Path ; Used in Netlist ; File Type                          ; File Name with Absolute Path                                       ; Library ;
+----------------------------------+-----------------+------------------------------------+--------------------------------------------------------------------+---------+
; divider.bdf                      ; yes             ; User Block Diagram/Schematic File  ; C:/Uni/MAM/hw02/project/divider.bdf                                ;         ;
; div10.bdf                        ; yes             ; User Block Diagram/Schematic File  ; C:/Uni/MAM/hw02/project/div10.bdf                                  ;         ;
; div5.bdf                         ; yes             ; User Block Diagram/Schematic File  ; C:/Uni/MAM/hw02/project/div5.bdf                                   ;         ;
; div2.bdf                         ; yes             ; User Block Diagram/Schematic File  ; C:/Uni/MAM/hw02/project/div2.bdf                                   ;         ;
; hw02_simakma5.bdf                ; yes             ; User Block Diagram/Schematic File  ; C:/Uni/MAM/hw02/project/hw02_simakma5.bdf                          ;         ;
; 4digit_bcd_counter.bdf           ; yes             ; User Block Diagram/Schematic File  ; C:/Uni/MAM/hw02/project/4digit_bcd_counter.bdf                     ;         ;
; activator.bdf                    ; yes             ; User Block Diagram/Schematic File  ; C:/Uni/MAM/hw02/project/activator.bdf                              ;         ;
; control_unit.bdf                 ; yes             ; User Block Diagram/Schematic File  ; C:/Uni/MAM/hw02/project/control_unit.bdf                           ;         ;
; digit_switch.vhd                 ; yes             ; User VHDL File                     ; C:/Uni/MAM/hw02/project/digit_switch.vhd                           ;         ;
; rom.vhd                          ; yes             ; User VHDL File                     ; C:/Uni/MAM/hw02/project/rom.vhd                                    ;         ;
; 6bit_counter.bdf                 ; yes             ; User Block Diagram/Schematic File  ; C:/Uni/MAM/hw02/project/6bit_counter.bdf                           ;         ;
; 74674.bdf                        ; yes             ; Megafunction                       ; c:/intelfpga_lite/17.1/quartus/libraries/others/maxplus2/74674.bdf ;         ;
; 7447.bdf                         ; yes             ; Megafunction                       ; c:/intelfpga_lite/17.1/quartus/libraries/others/maxplus2/7447.bdf  ;         ;
; 7490.bdf                         ; yes             ; Megafunction                       ; c:/intelfpga_lite/17.1/quartus/libraries/others/maxplus2/7490.bdf  ;         ;
; 74153.bdf                        ; yes             ; Megafunction                       ; c:/intelfpga_lite/17.1/quartus/libraries/others/maxplus2/74153.bdf ;         ;
+----------------------------------+-----------------+------------------------------------+--------------------------------------------------------------------+---------+


+----------------------------------------------------------+
; Analysis & Synthesis Resource Usage Summary              ;
+---------------------------------------------+------------+
; Resource                                    ; Usage      ;
+---------------------------------------------+------------+
; Estimated Total logic elements              ; 139        ;
;                                             ;            ;
; Total combinational functions               ; 119        ;
; Logic element usage by number of LUT inputs ;            ;
;     -- 4 input functions                    ; 27         ;
;     -- 3 input functions                    ; 26         ;
;     -- <=2 input functions                  ; 66         ;
;                                             ;            ;
; Logic elements by mode                      ;            ;
;     -- normal mode                          ; 119        ;
;     -- arithmetic mode                      ; 0          ;
;                                             ;            ;
; Total registers                             ; 87         ;
;     -- Dedicated logic registers            ; 87         ;
;     -- I/O registers                        ; 0          ;
;                                             ;            ;
; I/O pins                                    ; 21         ;
;                                             ;            ;
; Embedded Multiplier 9-bit elements          ; 0          ;
;                                             ;            ;
; Maximum fan-out node                        ; KEY1~input ;
; Maximum fan-out                             ; 44         ;
; Total fan-out                               ; 558        ;
; Average fan-out                             ; 2.25       ;
+---------------------------------------------+------------+


+-------------------------------------------------------------------------------------------------------------------------------------------------------------------------------------------------------------------------------------------------------------------------------+
; Analysis & Synthesis Resource Utilization by Entity                                                                                                                                                                                                                           ;
+-------------------------------+---------------------+---------------------------+-------------+------------+--------------+---------+-----------+------+--------------+------------+------------------------------------------------------+--------------------+--------------+
; Compilation Hierarchy Node    ; Combinational ALUTs ; Dedicated Logic Registers ; Memory Bits ; UFM Blocks ; DSP Elements ; DSP 9x9 ; DSP 18x18 ; Pins ; Virtual Pins ; ADC blocks ; Full Hierarchy Name                                  ; Entity Name        ; Library Name ;
+-------------------------------+---------------------+---------------------------+-------------+------------+--------------+---------+-----------+------+--------------+------------+------------------------------------------------------+--------------------+--------------+
; |hw02_simakma5                ; 119 (3)             ; 87 (1)                    ; 0           ; 0          ; 0            ; 0       ; 0         ; 21   ; 0            ; 0          ; |hw02_simakma5                                       ; hw02_simakma5      ; work         ;
;    |4digit_bcd_counter:inst5| ; 28 (12)             ; 16 (0)                    ; 0           ; 0          ; 0            ; 0       ; 0         ; 0    ; 0            ; 0          ; |hw02_simakma5|4digit_bcd_counter:inst5              ; 4digit_bcd_counter ; work         ;
;       |7490:inst3|            ; 4 (4)               ; 4 (4)                     ; 0           ; 0          ; 0            ; 0       ; 0         ; 0    ; 0            ; 0          ; |hw02_simakma5|4digit_bcd_counter:inst5|7490:inst3   ; 7490               ; work         ;
;       |7490:inst4|            ; 4 (4)               ; 4 (4)                     ; 0           ; 0          ; 0            ; 0       ; 0         ; 0    ; 0            ; 0          ; |hw02_simakma5|4digit_bcd_counter:inst5|7490:inst4   ; 7490               ; work         ;
;       |7490:inst5|            ; 4 (4)               ; 4 (4)                     ; 0           ; 0          ; 0            ; 0       ; 0         ; 0    ; 0            ; 0          ; |hw02_simakma5|4digit_bcd_counter:inst5|7490:inst5   ; 7490               ; work         ;
;       |7490:inst6|            ; 4 (4)               ; 4 (4)                     ; 0           ; 0          ; 0            ; 0       ; 0         ; 0    ; 0            ; 0          ; |hw02_simakma5|4digit_bcd_counter:inst5|7490:inst6   ; 7490               ; work         ;
;    |74153:inst1|              ; 4 (4)               ; 0 (0)                     ; 0           ; 0          ; 0            ; 0       ; 0         ; 0    ; 0            ; 0          ; |hw02_simakma5|74153:inst1                           ; 74153              ; work         ;
;    |7447:inst6|               ; 2 (2)               ; 0 (0)                     ; 0           ; 0          ; 0            ; 0       ; 0         ; 0    ; 0            ; 0          ; |hw02_simakma5|7447:inst6                            ; 7447               ; work         ;
;    |74674:inst7|              ; 22 (22)             ; 16 (16)                   ; 0           ; 0          ; 0            ; 0       ; 0         ; 0    ; 0            ; 0          ; |hw02_simakma5|74674:inst7                           ; 74674              ; work         ;
;    |control_unit:inst8|       ; 26 (1)              ; 10 (0)                    ; 0           ; 0          ; 0            ; 0       ; 0         ; 0    ; 0            ; 0          ; |hw02_simakma5|control_unit:inst8                    ; control_unit       ; work         ;
;       |6bit_counter:inst2|    ; 7 (7)               ; 6 (6)                     ; 0           ; 0          ; 0            ; 0       ; 0         ; 0    ; 0            ; 0          ; |hw02_simakma5|control_unit:inst8|6bit_counter:inst2 ; 6bit_counter       ; work         ;
;       |ROM64x3:inst1|         ; 15 (15)             ; 0 (0)                     ; 0           ; 0          ; 0            ; 0       ; 0         ; 0    ; 0            ; 0          ; |hw02_simakma5|control_unit:inst8|ROM64x3:inst1      ; ROM64x3            ; work         ;
;       |digit_switch:inst4|    ; 3 (3)               ; 4 (4)                     ; 0           ; 0          ; 0            ; 0       ; 0         ; 0    ; 0            ; 0          ; |hw02_simakma5|control_unit:inst8|digit_switch:inst4 ; digit_switch       ; work         ;
;    |divider:inst|             ; 34 (0)              ; 44 (0)                    ; 0           ; 0          ; 0            ; 0       ; 0         ; 0    ; 0            ; 0          ; |hw02_simakma5|divider:inst                          ; divider            ; work         ;
;       |div10:inst16|          ; 4 (0)               ; 5 (0)                     ; 0           ; 0          ; 0            ; 0       ; 0         ; 0    ; 0            ; 0          ; |hw02_simakma5|divider:inst|div10:inst16             ; div10              ; work         ;
;          |div2:inst|          ; 1 (1)               ; 1 (1)                     ; 0           ; 0          ; 0            ; 0       ; 0         ; 0    ; 0            ; 0          ; |hw02_simakma5|divider:inst|div10:inst16|div2:inst   ; div2               ; work         ;
;          |div5:inst5|         ; 3 (3)               ; 4 (4)                     ; 0           ; 0          ; 0            ; 0       ; 0         ; 0    ; 0            ; 0          ; |hw02_simakma5|divider:inst|div10:inst16|div5:inst5  ; div5               ; work         ;
;       |div10:inst17|          ; 4 (0)               ; 5 (0)                     ; 0           ; 0          ; 0            ; 0       ; 0         ; 0    ; 0            ; 0          ; |hw02_simakma5|divider:inst|div10:inst17             ; div10              ; work         ;
;          |div2:inst|          ; 1 (1)               ; 1 (1)                     ; 0           ; 0          ; 0            ; 0       ; 0         ; 0    ; 0            ; 0          ; |hw02_simakma5|divider:inst|div10:inst17|div2:inst   ; div2               ; work         ;
;          |div5:inst5|         ; 3 (3)               ; 4 (4)                     ; 0           ; 0          ; 0            ; 0       ; 0         ; 0    ; 0            ; 0          ; |hw02_simakma5|divider:inst|div10:inst17|div5:inst5  ; div5               ; work         ;
;       |div10:inst18|          ; 4 (0)               ; 5 (0)                     ; 0           ; 0          ; 0            ; 0       ; 0         ; 0    ; 0            ; 0          ; |hw02_simakma5|divider:inst|div10:inst18             ; div10              ; work         ;
;          |div2:inst|          ; 1 (1)               ; 1 (1)                     ; 0           ; 0          ; 0            ; 0       ; 0         ; 0    ; 0            ; 0          ; |hw02_simakma5|divider:inst|div10:inst18|div2:inst   ; div2               ; work         ;
;          |div5:inst5|         ; 3 (3)               ; 4 (4)                     ; 0           ; 0          ; 0            ; 0       ; 0         ; 0    ; 0            ; 0          ; |hw02_simakma5|divider:inst|div10:inst18|div5:inst5  ; div5               ; work         ;
;       |div10:inst19|          ; 4 (0)               ; 5 (0)                     ; 0           ; 0          ; 0            ; 0       ; 0         ; 0    ; 0            ; 0          ; |hw02_simakma5|divider:inst|div10:inst19             ; div10              ; work         ;
;          |div2:inst|          ; 1 (1)               ; 1 (1)                     ; 0           ; 0          ; 0            ; 0       ; 0         ; 0    ; 0            ; 0          ; |hw02_simakma5|divider:inst|div10:inst19|div2:inst   ; div2               ; work         ;
;          |div5:inst5|         ; 3 (3)               ; 4 (4)                     ; 0           ; 0          ; 0            ; 0       ; 0         ; 0    ; 0            ; 0          ; |hw02_simakma5|divider:inst|div10:inst19|div5:inst5  ; div5               ; work         ;
;       |div10:inst20|          ; 4 (0)               ; 5 (0)                     ; 0           ; 0          ; 0            ; 0       ; 0         ; 0    ; 0            ; 0          ; |hw02_simakma5|divider:inst|div10:inst20             ; div10              ; work         ;
;          |div2:inst|          ; 1 (1)               ; 1 (1)                     ; 0           ; 0          ; 0            ; 0       ; 0         ; 0    ; 0            ; 0          ; |hw02_simakma5|divider:inst|div10:inst20|div2:inst   ; div2               ; work         ;
;          |div5:inst5|         ; 3 (3)               ; 4 (4)                     ; 0           ; 0          ; 0            ; 0       ; 0         ; 0    ; 0            ; 0          ; |hw02_simakma5|divider:inst|div10:inst20|div5:inst5  ; div5               ; work         ;
;       |div10:inst22|          ; 4 (0)               ; 5 (0)                     ; 0           ; 0          ; 0            ; 0       ; 0         ; 0    ; 0            ; 0          ; |hw02_simakma5|divider:inst|div10:inst22             ; div10              ; work         ;
;          |div2:inst|          ; 1 (1)               ; 1 (1)                     ; 0           ; 0          ; 0            ; 0       ; 0         ; 0    ; 0            ; 0          ; |hw02_simakma5|divider:inst|div10:inst22|div2:inst   ; div2               ; work         ;
;          |div5:inst5|         ; 3 (3)               ; 4 (4)                     ; 0           ; 0          ; 0            ; 0       ; 0         ; 0    ; 0            ; 0          ; |hw02_simakma5|divider:inst|div10:inst22|div5:inst5  ; div5               ; work         ;
;       |div10:inst23|          ; 3 (0)               ; 5 (0)                     ; 0           ; 0          ; 0            ; 0       ; 0         ; 0    ; 0            ; 0          ; |hw02_simakma5|divider:inst|div10:inst23             ; div10              ; work         ;
;          |div2:inst|          ; 1 (1)               ; 1 (1)                     ; 0           ; 0          ; 0            ; 0       ; 0         ; 0    ; 0            ; 0          ; |hw02_simakma5|divider:inst|div10:inst23|div2:inst   ; div2               ; work         ;
;          |div5:inst5|         ; 2 (2)               ; 4 (4)                     ; 0           ; 0          ; 0            ; 0       ; 0         ; 0    ; 0            ; 0          ; |hw02_simakma5|divider:inst|div10:inst23|div5:inst5  ; div5               ; work         ;
;       |div10:inst|            ; 4 (0)               ; 5 (0)                     ; 0           ; 0          ; 0            ; 0       ; 0         ; 0    ; 0            ; 0          ; |hw02_simakma5|divider:inst|div10:inst               ; div10              ; work         ;
;          |div2:inst|          ; 1 (1)               ; 1 (1)                     ; 0           ; 0          ; 0            ; 0       ; 0         ; 0    ; 0            ; 0          ; |hw02_simakma5|divider:inst|div10:inst|div2:inst     ; div2               ; work         ;
;          |div5:inst5|         ; 3 (3)               ; 4 (4)                     ; 0           ; 0          ; 0            ; 0       ; 0         ; 0    ; 0            ; 0          ; |hw02_simakma5|divider:inst|div10:inst|div5:inst5    ; div5               ; work         ;
;       |div5:inst15|           ; 3 (3)               ; 4 (4)                     ; 0           ; 0          ; 0            ; 0       ; 0         ; 0    ; 0            ; 0          ; |hw02_simakma5|divider:inst|div5:inst15              ; div5               ; work         ;
+-------------------------------+---------------------+---------------------------+-------------+------------+--------------+---------+-----------+------+--------------+------------+------------------------------------------------------+--------------------+--------------+
Note: For table entries with two numbers listed, the numbers in parentheses indicate the number of resources of the given type used by the specific entity alone. The numbers listed outside of parentheses indicate the total resources of the given type used by the specific entity and all of its sub-entities in the hierarchy.


Encoding Type:  One-Hot
+----------------------------------------------------------------------------+
; State Machine - |hw02_simakma5|control_unit:inst8|digit_switch:inst4|state ;
+--------------+--------------+--------------+--------------+----------------+
; Name         ; state.digit3 ; state.digit2 ; state.digit1 ; state.digit0   ;
+--------------+--------------+--------------+--------------+----------------+
; state.digit0 ; 0            ; 0            ; 0            ; 0              ;
; state.digit1 ; 0            ; 0            ; 1            ; 1              ;
; state.digit2 ; 0            ; 1            ; 0            ; 1              ;
; state.digit3 ; 1            ; 0            ; 0            ; 1              ;
+--------------+--------------+--------------+--------------+----------------+


+------------------------------------------------------+
; General Register Statistics                          ;
+----------------------------------------------+-------+
; Statistic                                    ; Value ;
+----------------------------------------------+-------+
; Total registers                              ; 87    ;
; Number of registers using Synchronous Clear  ; 0     ;
; Number of registers using Synchronous Load   ; 1     ;
; Number of registers using Asynchronous Clear ; 50    ;
; Number of registers using Asynchronous Load  ; 0     ;
; Number of registers using Clock Enable       ; 0     ;
; Number of registers using Preset             ; 0     ;
+----------------------------------------------+-------+


+-----------------------------------------------------+
; Post-Synthesis Netlist Statistics for Top Partition ;
+-----------------------+-----------------------------+
; Type                  ; Count                       ;
+-----------------------+-----------------------------+
; boundary_port         ; 21                          ;
; cycloneiii_ff         ; 87                          ;
;     CLR               ; 50                          ;
;     SLD               ; 1                           ;
;     plain             ; 36                          ;
; cycloneiii_lcell_comb ; 121                         ;
;     normal            ; 121                         ;
;         0 data inputs ; 1                           ;
;         1 data inputs ; 17                          ;
;         2 data inputs ; 50                          ;
;         3 data inputs ; 26                          ;
;         4 data inputs ; 27                          ;
;                       ;                             ;
; Max LUT depth         ; 6.00                        ;
; Average LUT depth     ; 2.32                        ;
+-----------------------+-----------------------------+


+-------------------------------+
; Elapsed Time Per Partition    ;
+----------------+--------------+
; Partition Name ; Elapsed Time ;
+----------------+--------------+
; Top            ; 00:00:00     ;
+----------------+--------------+


+-------------------------------+
; Analysis & Synthesis Messages ;
+-------------------------------+
Info: *******************************************************************
Info: Running Quartus Prime Analysis & Synthesis
    Info: Version 17.1.0 Build 590 10/25/2017 SJ Lite Edition
    Info: Processing started: Thu Dec 08 13:24:08 2022
Info: Command: quartus_map --read_settings_files=on --write_settings_files=off hw02_simakma5 -c hw02_simakma5
Warning (18236): Number of processors has not been specified which may cause overloading on shared machines.  Set the global assignment NUM_PARALLEL_PROCESSORS in your QSF to an appropriate value for best performance.
Info (20030): Parallel compilation is enabled and will use 8 of the 8 processors detected
Info (12021): Found 1 design units, including 1 entities, in source file divider.bdf
    Info (12023): Found entity 1: divider
Info (12021): Found 1 design units, including 1 entities, in source file div10.bdf
    Info (12023): Found entity 1: div10
Info (12021): Found 1 design units, including 1 entities, in source file div5.bdf
    Info (12023): Found entity 1: div5
Info (12021): Found 1 design units, including 1 entities, in source file div2.bdf
    Info (12023): Found entity 1: div2
Info (12021): Found 1 design units, including 1 entities, in source file hw02_simakma5.bdf
    Info (12023): Found entity 1: hw02_simakma5
Info (12021): Found 1 design units, including 1 entities, in source file 4digit_bcd_counter.bdf
    Info (12023): Found entity 1: 4digit_bcd_counter
Info (12021): Found 1 design units, including 1 entities, in source file activator.bdf
    Info (12023): Found entity 1: activator
Info (12021): Found 1 design units, including 1 entities, in source file control_unit.bdf
    Info (12023): Found entity 1: control_unit
Info (12021): Found 2 design units, including 1 entities, in source file digit_switch.vhd
    Info (12022): Found design unit 1: digit_switch-BEHAVIOR File: C:/Uni/MAM/hw02/project/digit_switch.vhd Line: 17
    Info (12023): Found entity 1: digit_switch File: C:/Uni/MAM/hw02/project/digit_switch.vhd Line: 4
Info (12021): Found 2 design units, including 1 entities, in source file rom.vhd
    Info (12022): Found design unit 1: ROM64x3-BEHAVIOR File: C:/Uni/MAM/hw02/project/rom.vhd Line: 13
    Info (12023): Found entity 1: ROM64x3 File: C:/Uni/MAM/hw02/project/rom.vhd Line: 4
Info (12021): Found 1 design units, including 1 entities, in source file 6bit_counter.bdf
    Info (12023): Found entity 1: 6bit_counter
Info (12127): Elaborating entity "hw02_simakma5" for the top level hierarchy
Warning (275002): No superset bus at connection
Warning (275043): Pin "A" is missing source
Warning (275043): Pin "B" is missing source
Warning (275043): Pin "C" is missing source
Warning (275043): Pin "D" is missing source
Warning (275009): Pin "test_Sync" not connected
Warning (275009): Pin "test_CLK" not connected
Warning (275009): Pin "test_bcd_CLK" not connected
Info (12128): Elaborating entity "control_unit" for hierarchy "control_unit:inst8"
Info (12128): Elaborating entity "digit_switch" for hierarchy "control_unit:inst8|digit_switch:inst4"
Info (12128): Elaborating entity "ROM64x3" for hierarchy "control_unit:inst8|ROM64x3:inst1"
Info (12128): Elaborating entity "6bit_counter" for hierarchy "control_unit:inst8|6bit_counter:inst2"
Warning (275008): Primitive "AND2" of instance "inst11" not used
Warning (275008): Primitive "TFF" of instance "inst6" not used
Info (12128): Elaborating entity "divider" for hierarchy "divider:inst"
Info (12128): Elaborating entity "div10" for hierarchy "divider:inst|div10:inst19"
Info (12128): Elaborating entity "div5" for hierarchy "divider:inst|div10:inst19|div5:inst5"
Info (12128): Elaborating entity "div2" for hierarchy "divider:inst|div10:inst19|div2:inst"
Info (12128): Elaborating entity "74674" for hierarchy "74674:inst7"
Info (12130): Elaborated megafunction instantiation "74674:inst7"
Info (12128): Elaborating entity "7447" for hierarchy "7447:inst6"
Info (12130): Elaborated megafunction instantiation "7447:inst6"
Info (12128): Elaborating entity "4digit_bcd_counter" for hierarchy "4digit_bcd_counter:inst5"
Warning (275002): No superset bus at connection
Warning (275002): No superset bus at connection
Info (12128): Elaborating entity "activator" for hierarchy "4digit_bcd_counter:inst5|activator:inst7"
Warning (275011): Block or symbol "AND2" of instance "inst" overlaps another block or symbol
Info (12128): Elaborating entity "7490" for hierarchy "4digit_bcd_counter:inst5|7490:inst3"
Info (12130): Elaborated megafunction instantiation "4digit_bcd_counter:inst5|7490:inst3"
Info (12128): Elaborating entity "74153" for hierarchy "74153:inst1"
Info (12130): Elaborated megafunction instantiation "74153:inst1"
Warning (19016): Clock multiplexers are found and protected
    Warning (19017): Found clock multiplexer control_unit:inst8|ROM64x3:inst1|Mux1 File: C:/Uni/MAM/hw02/project/rom.vhd Line: 27
    Warning (19017): Found clock multiplexer control_unit:inst8|ROM64x3:inst1|Mux0 File: C:/Uni/MAM/hw02/project/rom.vhd Line: 26
Warning (19016): Clock multiplexers are found and protected
    Warning (19017): Found clock multiplexer 74153:inst1|10~0
Warning (13024): Output pins are stuck at VCC or GND
    Warning (13410): Pin "A" is stuck at GND
    Warning (13410): Pin "B" is stuck at GND
    Warning (13410): Pin "C" is stuck at GND
    Warning (13410): Pin "D" is stuck at GND
Info (286030): Timing-Driven Synthesis is running
Info (16010): Generating hard_block partition "hard_block:auto_generated_inst"
    Info (16011): Adding 0 node(s), including 0 DDIO, 0 PLL, 0 transceiver and 0 LCELL
Warning (21074): Design contains 3 input pin(s) that do not drive logic
    Warning (15610): No output dependent on input pin "test_Sync"
    Warning (15610): No output dependent on input pin "test_CLK"
    Warning (15610): No output dependent on input pin "test_bcd_CLK"
Info (21057): Implemented 160 device resources after synthesis - the final resource count might be different
    Info (21058): Implemented 8 input pins
    Info (21059): Implemented 13 output pins
    Info (21061): Implemented 139 logic cells
Info: Quartus Prime Analysis & Synthesis was successful. 0 errors, 28 warnings
    Info: Peak virtual memory: 4852 megabytes
    Info: Processing ended: Thu Dec 08 13:24:15 2022
    Info: Elapsed time: 00:00:07
    Info: Total CPU time (on all processors): 00:00:06


